[0m[[0m[0mdebug[0m] [0m[0m> Exec(;Test/compile; collectAnalyses, None, Some(CommandSource(network-1)))[0m
[0m[[0m[0mdebug[0m] [0m[0munmatched Processing event for requestId None: None[0m
[0m[[0m[0mdebug[0m] [0m[0munmatched Done event for requestId None: None[0m
[0m[[0m[0mdebug[0m] [0m[0m> Exec(Test/compile, None, Some(CommandSource(network-1)))[0m
[0m[[0m[0mdebug[0m] [0m[0munmatched Processing event for requestId None: None[0m
[0m[[0m[0mdebug[0m] [0m[0mEvaluating tasks: Test / compile[0m
[0m[[0m[0mdebug[0m] [0m[0mRunning task... Cancel: bloop.integrations.sbt.Offloader$$anon$1@18b30951, check cycles: false, forcegc: true[0m
[0m[[0m[0mdebug[0m] [0m[0mjsonRpcNotify: JsonRpcNotificationMessage(2.0, build/taskStart, {"taskId":{"id":"14","parents":[]},"eventTime":1638316136527,"message":"Compiling root","dataKind":"compile-task","data":{"target":{"uri":"file:/C:/Users/18284/Desktop/ScalaProjects/pokedex/#root/Compile"}}})[0m
[0m[[0m[0minfo[0m] [0m[0mcompiling 3 Scala sources to C:\Users\18284\Desktop\ScalaProjects\pokedex\target\scala-2.13\classes ...[0m
[0m[[0m[0mdebug[0m] [0m[0mjsonRpcNotify: JsonRpcNotificationMessage(2.0, build/logMessage, {"type":3,"message":"compiling 3 Scala sources to C:\\Users\\18284\\Desktop\\ScalaProjects\\pokedex\\target\\scala-2.13\\classes ..."})[0m
[0m[[0m[0mdebug[0m] [0m[0mjsonRpcNotify: JsonRpcNotificationMessage(2.0, build/publishDiagnostics, {"textDocument":{"uri":"file:///C:/Users/18284/Desktop/ScalaProjects/pokedex/src/main/scala/example/Pokedex.scala"},"buildTarget":{"uri":"file:/C:/Users/18284/Desktop/ScalaProjects/pokedex/#root/Compile"},"diagnostics":[{"range":{"start":{"line":3,"character":0},"end":{"line":3,"character":46}},"severity":1,"source":"sbt","message":"object MongoCollection is not a member of package org.mongodb.scala.model"}],"reset":false})[0m
[0m[[0m[31merror[0m] [0m[0mC:\Users\18284\Desktop\ScalaProjects\pokedex\src\main\scala\example\Pokedex.scala:4:8: object MongoCollection is not a member of package org.mongodb.scala.model[0m
[0m[[0m[31merror[0m] [0m[0mimport org.mongodb.scala.model.MongoCollection[0m
[0m[[0m[31merror[0m] [0m[0m       ^[0m
[0m[[0m[0mdebug[0m] [0m[0mjsonRpcNotify: JsonRpcNotificationMessage(2.0, build/logMessage, {"type":1,"message":"C:\\Users\\18284\\Desktop\\ScalaProjects\\pokedex\\src\\main\\scala\\example\\Pokedex.scala:4:8: object MongoCollection is not a member of package org.mongodb.scala.model"})[0m
[0m[[0m[0mdebug[0m] [0m[0mjsonRpcNotify: JsonRpcNotificationMessage(2.0, build/logMessage, {"type":1,"message":"import org.mongodb.scala.model.MongoCollection"})[0m
[0m[[0m[0mdebug[0m] [0m[0mjsonRpcNotify: JsonRpcNotificationMessage(2.0, build/logMessage, {"type":1,"message":"       ^"})[0m
[0m[[0m[0mdebug[0m] [0m[0mjsonRpcNotify: JsonRpcNotificationMessage(2.0, build/publishDiagnostics, {"textDocument":{"uri":"file:///C:/Users/18284/Desktop/ScalaProjects/pokedex/src/main/scala/example/Pokedex.scala"},"buildTarget":{"uri":"file:/C:/Users/18284/Desktop/ScalaProjects/pokedex/#root/Compile"},"diagnostics":[{"range":{"start":{"line":51,"character":24},"end":{"line":51,"character":39}},"severity":1,"source":"sbt","message":"object find is not a member of package collection"}],"reset":false})[0m
[0m[[0m[31merror[0m] [0m[0mC:\Users\18284\Desktop\ScalaProjects\pokedex\src\main\scala\example\Pokedex.scala:52:36: object find is not a member of package collection[0m
[0m[[0m[31merror[0m] [0m[0m            case 1 =>   collection.find()[0m
[0m[[0m[31merror[0m] [0m[0m                                   ^[0m
[0m[[0m[0mdebug[0m] [0m[0mjsonRpcNotify: JsonRpcNotificationMessage(2.0, build/logMessage, {"type":1,"message":"C:\\Users\\18284\\Desktop\\ScalaProjects\\pokedex\\src\\main\\scala\\example\\Pokedex.scala:52:36: object find is not a member of package collection"})[0m
[0m[[0m[0mdebug[0m] [0m[0mjsonRpcNotify: JsonRpcNotificationMessage(2.0, build/logMessage, {"type":1,"message":"            case 1 =>   collection.find()"})[0m
[0m[[0m[0mdebug[0m] [0m[0mjsonRpcNotify: JsonRpcNotificationMessage(2.0, build/logMessage, {"type":1,"message":"                                   ^"})[0m
[0m[[0m[31merror[0m] [0m[0mtwo errors found[0m
[0m[[0m[0mdebug[0m] [0m[0mjsonRpcNotify: JsonRpcNotificationMessage(2.0, build/logMessage, {"type":1,"message":"two errors found"})[0m
[0m[[0m[0mdebug[0m] [0m[0mjsonRpcNotify: JsonRpcNotificationMessage(2.0, build/publishDiagnostics, {"textDocument":{"uri":"file:///C:/Users/18284/Desktop/ScalaProjects/pokedex/src/main/scala/example/Helpers.scala"},"buildTarget":{"uri":"file:/C:/Users/18284/Desktop/ScalaProjects/pokedex/#root/Compile"},"diagnostics":[],"reset":true})[0m
[0m[[0m[0mdebug[0m] [0m[0mjsonRpcNotify: JsonRpcNotificationMessage(2.0, build/publishDiagnostics, {"textDocument":{"uri":"file:///C:/Users/18284/Desktop/ScalaProjects/pokedex/src/main/scala/example/Pokedex.scala"},"buildTarget":{"uri":"file:/C:/Users/18284/Desktop/ScalaProjects/pokedex/#root/Compile"},"diagnostics":[{"range":{"start":{"line":3,"character":0},"end":{"line":3,"character":46}},"severity":1,"source":"sbt","message":"object MongoCollection is not a member of package org.mongodb.scala.model"},{"range":{"start":{"line":51,"character":24},"end":{"line":51,"character":39}},"severity":1,"source":"sbt","message":"object find is not a member of package collection"}],"reset":true})[0m
[0m[[0m[0mdebug[0m] [0m[0mjsonRpcNotify: JsonRpcNotificationMessage(2.0, build/publishDiagnostics, {"textDocument":{"uri":"file:///C:/Users/18284/Desktop/ScalaProjects/pokedex/src/main/scala/example/Space.scala"},"buildTarget":{"uri":"file:/C:/Users/18284/Desktop/ScalaProjects/pokedex/#root/Compile"},"diagnostics":[],"reset":true})[0m
[0m[[0m[0mdebug[0m] [0m[0mjsonRpcNotify: JsonRpcNotificationMessage(2.0, build/taskFinish, {"taskId":{"id":"14","parents":[]},"eventTime":1638316136693,"message":"Compiled root","status":2,"dataKind":"compile-report","data":{"target":{"uri":"file:/C:/Users/18284/Desktop/ScalaProjects/pokedex/#root/Compile"},"errors":2,"warnings":0,"time":166}})[0m
[0m[[0m[0mdebug[0m] [0m[0munmatched json error for requestId None: {"code":-32603,"message":"(Compile / \u001b[31mcompileIncremental\u001b[0m) Compilation failed"}[0m
[0m[[0m[31merror[0m] [0m[0m(Compile / [31mcompileIncremental[0m) Compilation failed[0m
[0m[[0m[0mdebug[0m] [0m[0mjsonRpcNotify: JsonRpcNotificationMessage(2.0, build/logMessage, {"type":1,"message":"(Compile / \u001b[31mcompileIncremental\u001b[0m) Compilation failed"})[0m
[0m[[0m[31merror[0m] [0m[0mTotal time: 0 s, completed Nov 30, 2021, 6:48:56 PM[0m
[0m[[0m[0mdebug[0m] [0m[0munmatched Done event for requestId None: None[0m
[0m[[0m[0mdebug[0m] [0m[0m> Exec(shell, None, None)[0m
