[0m[[0m[0mdebug[0m] [0m[0m> Exec(run, Some(7eb94d83-d373-4755-9a9d-b71eeeb8c668), Some(CommandSource(console0)))[0m
[0m[[0m[0mdebug[0m] [0m[0mEvaluating tasks: Compile / run[0m
[0m[[0m[0mdebug[0m] [0m[0mRunning task... Cancel: bloop.integrations.sbt.Offloader$$anon$1@2e0d6270, check cycles: false, forcegc: true[0m
[0m[[0m[0mdebug[0m] [0m[0mjsonRpcNotify: JsonRpcNotificationMessage(2.0, build/taskStart, {"taskId":{"id":"220","parents":[]},"eventTime":1638342496295,"message":"Compiling root","dataKind":"compile-task","data":{"target":{"uri":"file:/C:/Users/18284/Desktop/ScalaProjects/mongoroulette/#root/Compile"}}})[0m
[0m[[0m[0mdebug[0m] [0m[0mjsonRpcNotify: JsonRpcNotificationMessage(2.0, build/publishDiagnostics, {"textDocument":{"uri":"file:///C:/Users/18284/Desktop/ScalaProjects/mongoroulette/src/main/scala/example/Roulette.scala"},"buildTarget":{"uri":"file:/C:/Users/18284/Desktop/ScalaProjects/mongoroulette/#root/Compile"},"diagnostics":[],"reset":true})[0m
[0m[[0m[0mdebug[0m] [0m[0mjsonRpcNotify: JsonRpcNotificationMessage(2.0, build/publishDiagnostics, {"textDocument":{"uri":"file:///C:/Users/18284/Desktop/ScalaProjects/mongoroulette/src/main/scala/example/StartGame.scala"},"buildTarget":{"uri":"file:/C:/Users/18284/Desktop/ScalaProjects/mongoroulette/#root/Compile"},"diagnostics":[],"reset":true})[0m
[0m[[0m[0mdebug[0m] [0m[0mjsonRpcNotify: JsonRpcNotificationMessage(2.0, build/publishDiagnostics, {"textDocument":{"uri":"file:///C:/Users/18284/Desktop/ScalaProjects/mongoroulette/src/main/scala/example/Helpers.scala"},"buildTarget":{"uri":"file:/C:/Users/18284/Desktop/ScalaProjects/mongoroulette/#root/Compile"},"diagnostics":[],"reset":true})[0m
[0m[[0m[0mdebug[0m] [0m[0mjsonRpcNotify: JsonRpcNotificationMessage(2.0, build/publishDiagnostics, {"textDocument":{"uri":"file:///C:/Users/18284/Desktop/ScalaProjects/mongoroulette/src/main/scala/example/User.scala"},"buildTarget":{"uri":"file:/C:/Users/18284/Desktop/ScalaProjects/mongoroulette/#root/Compile"},"diagnostics":[],"reset":true})[0m
[0m[[0m[0mdebug[0m] [0m[0mjsonRpcNotify: JsonRpcNotificationMessage(2.0, build/publishDiagnostics, {"textDocument":{"uri":"file:///C:/Users/18284/Desktop/ScalaProjects/mongoroulette/src/main/scala/example/HighScore.scala"},"buildTarget":{"uri":"file:/C:/Users/18284/Desktop/ScalaProjects/mongoroulette/#root/Compile"},"diagnostics":[],"reset":true})[0m
[0m[[0m[0mdebug[0m] [0m[0mjsonRpcNotify: JsonRpcNotificationMessage(2.0, build/taskFinish, {"taskId":{"id":"220","parents":[]},"eventTime":1638342496299,"message":"Compiled root","status":1,"dataKind":"compile-report","data":{"target":{"uri":"file:/C:/Users/18284/Desktop/ScalaProjects/mongoroulette/#root/Compile"},"errors":0,"warnings":0,"time":4}})[0m
[0m[[0m[0mdebug[0m] [0m[0mjsonRpcNotify: JsonRpcNotificationMessage(2.0, build/logMessage, {"type":3,"message":"running example.StartGame "})[0m
[0m[[0m[0mdebug[0m] [0m[0mjsonRpcNotify: JsonRpcNotificationMessage(2.0, build/logMessage, {"type":4,"message":"Waiting for threads to exit or System.exit to be called."})[0m
[0m[[0m[0mdebug[0m] [0m[0mjsonRpcNotify: JsonRpcNotificationMessage(2.0, build/logMessage, {"type":4,"message":"Waiting for thread run-main-35 to terminate."})[0m
[0m[[0m[0mdebug[0m] [0m[0mjsonRpcNotify: JsonRpcNotificationMessage(2.0, build/logMessage, {"type":4,"message":"  Classpath:\n\tC:\\Users\\18284\\Desktop\\ScalaProjects\\mongoroulette\\target\\bg-jobs\\sbt_3db36a68\\job-54\\target\\4a1b469f\\600d184d\\mongoroulette_2.13-0.1.0-SNAPSHOT.jar\n\tC:\\Users\\18284\\Desktop\\ScalaProjects\\mongoroulette\\target\\bg-jobs\\sbt_3db36a68\\target\\5c72f7fa\\184a7a50\\scala-library-2.13.6.jar\n\tC:\\Users\\18284\\Desktop\\ScalaProjects\\mongoroulette\\target\\bg-jobs\\sbt_3db36a68\\target\\1294e9f8\\ff518c93\\mongo-scala-driver_2.13-2.8.0.jar\n\tC:\\Users\\18284\\Desktop\\ScalaProjects\\mongoroulette\\target\\bg-jobs\\sbt_3db36a68\\target\\6680fe14\\9aa2e410\\mongo-scala-bson_2.13-2.8.0.jar\n\tC:\\Users\\18284\\Desktop\\ScalaProjects\\mongoroulette\\target\\bg-jobs\\sbt_3db36a68\\target\\776511c2\\ef8f6ef6\\mongodb-driver-async-3.12.0.jar\n\tC:\\Users\\18284\\Desktop\\ScalaProjects\\mongoroulette\\target\\bg-jobs\\sbt_3db36a68\\target\\965c7aba\\9fb608ab\\scala-reflect-2.13.6.jar\n\tC:\\Users\\18284\\Desktop\\ScalaProjects\\mongoroulette\\target\\bg-jobs\\sbt_3db36a68\\target\\bdfac75e\\c8426930\\bson-3.12.0.jar\n\tC:\\Users\\18284\\Desktop\\ScalaProjects\\mongoroulette\\target\\bg-jobs\\sbt_3db36a68\\target\\33e94d9d\\c894c3d6\\mongodb-driver-core-3.12.0.jar"})[0m
[0m[[0m[0mdebug[0m] [0m[0mlsp-definition json request: {"textDocument":{"uri":"file:///c%3A/Users/18284/Desktop/ScalaProjects/mongoroulette/src/main/scala/example/Roulette.scala"},"position":{"line":189,"character":13}}[0m
[0m[[0m[0mdebug[0m] [0m[0mlsp-definition found line:             betType = scala.io.StdIn.readInt[0m
[0m[[0m[0mdebug[0m] [0m[0mUnhandled notification received: $/cancelRequest: JsonRpcNotificationMessage(2.0, $/cancelRequest, {"id":12})[0m
[0m[[0m[0mdebug[0m] [0m[0mlsp-definition json request: {"textDocument":{"uri":"file:///c%3A/Users/18284/Desktop/ScalaProjects/mongoroulette/src/main/scala/example/Roulette.scala"},"position":{"line":189,"character":14}}[0m
[0m[[0m[0mdebug[0m] [0m[0mlsp-definition found line:             betType = scala.io.StdIn.readInt[0m
[0m[[0m[0mdebug[0m] [0m[0msymbol betType[0m
[0m[[0m[0mdebug[0m] [0m[0mlsp-definition potentials: Set()[0m
[0m[[0m[0mdebug[0m] [0m[0mlsp-definition locations Vector()[0m
[0m[[0m[0mdebug[0m] [0m[0msymbol betType[0m
[0m[[0m[0mdebug[0m] [0m[0mlsp-definition potentials: Set()[0m
[0m[[0m[0mdebug[0m] [0m[0mlsp-definition locations Vector()[0m
